  Chess.cpp
C:\Users\Sez\Desktop\Chessy1 — копия — копия\Classes\TFigure.h(31,39): warning C4244: =: преобразование "float" в "int", возможна потеря данных
C:\Users\Sez\Desktop\Chessy1 — копия — копия\Classes\TFigure.h(31,46): warning C4244: =: преобразование "float" в "int", возможна потеря данных
C:\Users\Sez\Desktop\Chessy1 — копия — копия\Chess.cpp(243,7): warning C4101: txt: неиспользованная локальная переменная
  ChessGraf.cpp
C:\Users\Sez\Desktop\Chessy1 — копия — копия\Classes\TFigure.h(31,39): warning C4244: =: преобразование "float" в "int", возможна потеря данных
C:\Users\Sez\Desktop\Chessy1 — копия — копия\Classes\TFigure.h(31,46): warning C4244: =: преобразование "float" в "int", возможна потеря данных
C:\Users\Sez\Desktop\Chessy1 — копия — копия\ChessGraf.cpp(46,12): warning C4244: инициализация: преобразование "int" в "float", возможна потеря данных
C:\Users\Sez\Desktop\Chessy1 — копия — копия\ChessGraf.cpp(61,38): warning C4244: аргумент: преобразование "double" в "float", возможна потеря данных
C:\Users\Sez\Desktop\Chessy1 — копия — копия\ChessGraf.cpp(61,11): warning C4244: аргумент: преобразование "double" в "float", возможна потеря данных
C:\Users\Sez\Desktop\Chessy1 — копия — копия\ChessGraf.cpp(73,21): warning C4244: =: преобразование "float" в "int", возможна потеря данных
C:\Users\Sez\Desktop\Chessy1 — копия — копия\ChessGraf.cpp(74,21): warning C4244: =: преобразование "float" в "int", возможна потеря данных
  TFigure.cpp
C:\Users\Sez\Desktop\Chessy1 — копия — копия\Classes\TFigure.h(31,39): warning C4244: =: преобразование "float" в "int", возможна потеря данных
C:\Users\Sez\Desktop\Chessy1 — копия — копия\Classes\TFigure.h(31,46): warning C4244: =: преобразование "float" в "int", возможна потеря данных
  TKing.cpp
C:\Users\Sez\Desktop\Chessy1 — копия — копия\Classes\TFigure.h(31,39): warning C4244: =: преобразование "float" в "int", возможна потеря данных
C:\Users\Sez\Desktop\Chessy1 — копия — копия\Classes\TFigure.h(31,46): warning C4244: =: преобразование "float" в "int", возможна потеря данных
  TKonj.cpp
C:\Users\Sez\Desktop\Chessy1 — копия — копия\Classes\TFigure.h(31,39): warning C4244: =: преобразование "float" в "int", возможна потеря данных
C:\Users\Sez\Desktop\Chessy1 — копия — копия\Classes\TFigure.h(31,46): warning C4244: =: преобразование "float" в "int", возможна потеря данных
  TSlon.cpp
C:\Users\Sez\Desktop\Chessy1 — копия — копия\Classes\TFigure.h(31,39): warning C4244: =: преобразование "float" в "int", возможна потеря данных
C:\Users\Sez\Desktop\Chessy1 — копия — копия\Classes\TFigure.h(31,46): warning C4244: =: преобразование "float" в "int", возможна потеря данных
  TTura.cpp
C:\Users\Sez\Desktop\Chessy1 — копия — копия\Classes\TFigure.h(31,39): warning C4244: =: преобразование "float" в "int", возможна потеря данных
C:\Users\Sez\Desktop\Chessy1 — копия — копия\Classes\TFigure.h(31,46): warning C4244: =: преобразование "float" в "int", возможна потеря данных
  Graf.cpp
C:\Users\Sez\Desktop\Chessy1 — копия — копия\Classes\TFigure.h(31,39): warning C4244: =: преобразование "float" в "int", возможна потеря данных
C:\Users\Sez\Desktop\Chessy1 — копия — копия\Classes\TFigure.h(31,46): warning C4244: =: преобразование "float" в "int", возможна потеря данных
C:\Users\Sez\Desktop\Chessy1 — копия — копия\Graf.cpp(57,24): warning C4244: аргумент: преобразование "int" в "float", возможна потеря данных
C:\Users\Sez\Desktop\Chessy1 — копия — копия\Graf.cpp(57,17): warning C4244: аргумент: преобразование "int" в "float", возможна потеря данных
C:\Users\Sez\Desktop\Chessy1 — копия — копия\Graf.cpp(57,12): warning C4244: аргумент: преобразование "int" в "float", возможна потеря данных
C:\Users\Sez\Desktop\Chessy1 — копия — копия\Graf.cpp(57,9): warning C4244: аргумент: преобразование "int" в "float", возможна потеря данных
C:\Users\Sez\Desktop\Chessy1 — копия — копия\Graf.cpp(58,24): warning C4244: аргумент: преобразование "int" в "float", возможна потеря данных
C:\Users\Sez\Desktop\Chessy1 — копия — копия\Graf.cpp(58,17): warning C4244: аргумент: преобразование "int" в "float", возможна потеря данных
C:\Users\Sez\Desktop\Chessy1 — копия — копия\Graf.cpp(58,12): warning C4244: аргумент: преобразование "int" в "float", возможна потеря данных
C:\Users\Sez\Desktop\Chessy1 — копия — копия\Graf.cpp(58,9): warning C4244: аргумент: преобразование "int" в "float", возможна потеря данных
C:\Users\Sez\Desktop\Chessy1 — копия — копия\Graf.cpp(76,19): warning C4996: 'strcpy': This function or variable may be unsafe. Consider using strcpy_s instead. To disable deprecation, use _CRT_SECURE_NO_WARNINGS. See online help for details.
C:\Program Files (x86)\Windows Kits\10\Include\10.0.18362.0\ucrt\string.h(133): message : см. объявление "strcpy"
C:\Users\Sez\Desktop\Chessy1 — копия — копия\Graf.cpp(79,9): warning C4996: 'strcpy': This function or variable may be unsafe. Consider using strcpy_s instead. To disable deprecation, use _CRT_SECURE_NO_WARNINGS. See online help for details.
C:\Program Files (x86)\Windows Kits\10\Include\10.0.18362.0\ucrt\string.h(133): message : см. объявление "strcpy"
  TBoard.cpp
C:\Users\Sez\Desktop\Chessy1 — копия — копия\Classes\TFigure.h(31,39): warning C4244: =: преобразование "float" в "int", возможна потеря данных
C:\Users\Sez\Desktop\Chessy1 — копия — копия\Classes\TFigure.h(31,46): warning C4244: =: преобразование "float" в "int", возможна потеря данных
  main.cpp
C:\Users\Sez\Desktop\Chessy1 — копия — копия\Classes\TFigure.h(31,39): warning C4244: =: преобразование "float" в "int", возможна потеря данных
C:\Users\Sez\Desktop\Chessy1 — копия — копия\Classes\TFigure.h(31,46): warning C4244: =: преобразование "float" в "int", возможна потеря данных
C:\Users\Sez\Desktop\Chessy1 — копия — копия\main.cpp(240,40): warning C4244: аргумент: преобразование "int" в "float", возможна потеря данных
C:\Users\Sez\Desktop\Chessy1 — копия — копия\main.cpp(240,32): warning C4244: аргумент: преобразование "int" в "float", возможна потеря данных
C:\Users\Sez\Desktop\Chessy1 — копия — копия\main.cpp(240,23): warning C4244: аргумент: преобразование "int" в "float", возможна потеря данных
C:\Users\Sez\Desktop\Chessy1 — копия — копия\main.cpp(240,16): warning C4244: аргумент: преобразование "int" в "float", возможна потеря данных
C:\Users\Sez\Desktop\Chessy1 — копия — копия\main.cpp(241,51): warning C4244: аргумент: преобразование "int" в "float", возможна потеря данных
C:\Users\Sez\Desktop\Chessy1 — копия — копия\main.cpp(241,41): warning C4244: аргумент: преобразование "int" в "float", возможна потеря данных
C:\Users\Sez\Desktop\Chessy1 — копия — копия\main.cpp(241,30): warning C4244: аргумент: преобразование "int" в "float", возможна потеря данных
C:\Users\Sez\Desktop\Chessy1 — копия — копия\main.cpp(241,21): warning C4244: аргумент: преобразование "int" в "float", возможна потеря данных
C:\Users\Sez\Desktop\Chessy1 — копия — копия\main.cpp(124,12): warning C4101: pk: неиспользованная локальная переменная
C:\Users\Sez\Desktop\Chessy1 — копия — копия\main.cpp(122,10): warning C4101: txt: неиспользованная локальная переменная
  Создание кода
  0 of 164 functions ( 0.0%) were compiled, the rest were copied from previous compilation.
    0 functions were new in current compilation
    0 functions had inline decision re-evaluated but remain unchanged
  Создание кода завершено
  IntitChess.vcxproj -> C:\Users\Sez\Desktop\Chessy1 — копия — копия\Release\ChessSm.exe
